[09:30:33] [main/INFO]: Loading for game Minecraft 1.16.5
[09:30:35] [ForkJoinPool-1-worker-3/WARN]: The mod "cardinal-components-base" contains invalid entries in its mod json:
- Unsupported root entry "side" at line 8 column 11
[09:30:35] [ForkJoinPool-1-worker-3/WARN]: The mod "cardinal-components-world" contains invalid entries in its mod json:
- Unsupported root entry "side" at line 8 column 11
[09:30:36] [main/WARN]: Warnings were found! 
 - Mod 'ViaFabric' (viafabric) conflicts with any version of mod 'Fabric Registry Sync (v0)' (fabric-registry-sync-v0), but a matching version is present: 0.7.4+ca58154a7d!
	 - While this won't prevent you from starting the game, the developer(s) of 'ViaFabric' (viafabric) have found that version 0.7.4+ca58154a7d of 'Fabric Registry Sync (v0)' (fabric-registry-sync-v0) conflicts with their mod.
	 - It is heavily recommended to remove one of the mods.
	 - Mod 'Fabric Registry Sync (v0)' (fabric-registry-sync-v0) v0.7.4+ca58154a7d is being provided by 'Fabric API' (fabric) v0.7.4+ca58154a7d.
[09:30:36] [main/WARN]: Mod `{}` ({}) uses 'requires' key in fabric.mod.json, which is not supported - use 'depends'
[09:30:36] [main/INFO]: [FabricLoader] Loading 110 mods: fabric-keybindings-v0@0.2.1+ca58154a7d, multiconnect-api@1.3.36, roughlyenoughitems-api@5.11.218, cloth-common-events-v1@1.4.9, fabricloader@0.11.3, org_jetbrains_kotlinx_kotlinx-serialization-json-jvm@1.1.0, hydrogen@0.2, loading-timer@1.4.1, cloth-durability-bar-api-v1@1.4.9, fabric-dimensions-v1@2.0.6+9354966b7d, java@11, cotton-client-commands@1.0.1+1.16-rc1, fabric-game-rule-api-v1@1.0.6+ca58154a7d, fabric-api-base@0.2.1+9354966b7d, fiber@0.23.0-2, org_jetbrains_kotlin_kotlin-stdlib@1.4.31, com_moandjiezana_toml_toml4j@0.7.2, fabric-blockrenderlayer-v1@1.1.5+ca58154a7d, org_jetbrains_kotlin_kotlin-stdlib-jdk7@1.4.31, fabric@0.33.0+1.16, viaversion@3.2.1, fabric-networking-v0@0.3.2+ca58154a7d, org_apache_httpcomponents_httpmime@4.5.10, fabric-api-lookup-api-v1@1.0.0+dc716ea17d, fabric-screen-handler-api-v1@1.1.5+9354966b7d, lambdacontrols@1.6.0+1.16, modmenu@1.16.9, org_apache_httpcomponents_httpcore@4.4.12, sodium-extra@0.3.0, cloth-utils-v1@1.4.9, fabric-tool-attribute-api-v1@1.2.6+ca58154a7d, org_jetbrains_kotlin_kotlin-stdlib-jdk8@1.4.31, editsign@2.2.0, roughlyenoughitems-runtime@5.11.218, reeses-sodium-options@1.0.0, minecraftcapes@10, cloth-client-events-v0@1.5.47, fabric-events-interaction-v0@0.4.2+ca58154a7d, fabric-crash-report-info-v1@0.1.3+ca58154a7d, fabric-language-kotlin@1.5.0+kotlin.1.4.31, fabric-key-binding-api-v1@1.0.4+9354966b7d, cloth-config2@4.11.19, org_jetbrains_kotlinx_kotlinx-coroutines-jdk8@1.4.2, fabric-resource-loader-v0@0.4.6+2868a2287d, org_jetbrains_kotlin_kotlin-reflect@1.4.31, worldedit@7.2.2+fc3c499, fabric-registry-sync-v0@0.7.4+ca58154a7d, fabric-commands-v0@0.2.2+ca58154a7d, cardinal-components-base@2.6.0, org_apache_httpcomponents_httpclient@4.5.10, fabric-mining-levels-v0@0.1.3+ca58154a7d, fabric-networking-api-v1@1.0.1+ca58154a7d, krypton@0.1.2, fabric-models-v0@0.3.0+bc7a746f7d, fabric-item-groups-v0@0.2.7+2868a2287d, fabric-renderer-api-v1@0.4.2+2868a2287d, craftpresence@1.8.1, viafabric@0.3.1-SNAPSHOT+build-708.1-mc-1.16, fabric-structure-api-v1@1.1.4+ca58154a7d, org_aperlambda_lambdajcommon@1.8.1, fabric-containers-v0@0.1.11+9354966b7d, lithium@0.6.4, fabric-object-builder-api-v1@1.9.4+9354966b7d, fabric-rendering-data-attachment-v1@0.1.5+ca58154a7d, org_jetbrains_kotlinx_kotlinx-serialization-core-jvm@1.1.0, cloth-dynamic-registry-api-v1@1.4.9, fabric-textures-v0@1.0.6+ca58154a7d, worldeditcui@1.16.5+02, multiconnect@1.3.36, fabric-rendering-fluids-v1@0.1.13+ca58154a7d, lazydfu@0.1.2, starlight@fabric-1.0.0-RC2-82ae5ca, cloth-scissors-api-v1@1.4.9, fabric-lifecycle-events-v1@1.2.1+ca58154a7d, sodium@0.1.0, fabric-renderer-registries-v1@2.3.0+2868a2287d, fabric-loot-tables-v1@1.0.2+ca58154a7d, dynamicfps@2.0.1, cloth-armor-api-v1@1.4.9, fabric-particles-v1@0.2.4+ca58154a7d, fabric-networking-blockentity-v0@0.2.8+ca58154a7d, okzoomer@4.0.1+1.16.2, minecraft@1.16.5, roughlyenoughitems-default-plugin@5.11.218, cloth-basic-math@0.5.1, fabric-command-api-v1@1.1.1+351679a77d, skinswapper@2.0.2, fabric-screen-api-v1@1.0.0+c045166c7d, fabric-renderer-indigo@0.4.4+ca58154a7d, org_jetbrains_kotlinx_kotlinx-coroutines-core-jvm@1.4.2, smoothboot@1.16.5-1.6.0, fabric-item-api-v1@1.2.1+ca58154a7d, roughlyenoughitems@5.11.218, fabric-entity-events-v1@1.0.3+ca58154a7d, xaerominimap@21.7.0, fabric-rendering-v0@1.1.2+ca58154a7d, fabric-rendering-v1@1.6.0+2868a2287d, spruceui@2.1.4+1.16, autoconfig1u@3.3.1, entityculling@1.2.2, fabric-content-registries-v0@0.2.1+ca58154a7d, cardinal-components-world@2.6.0, fabric-tag-extensions-v0@1.1.1+ca58154a7d, fabric-biome-api-v1@3.1.1+ca58154a7d, cloth-api@1.4.9, cloth-datagen-api-v1@1.4.9, fabric-events-lifecycle-v0@0.2.1+ca58154a7d, customportals@1.3.0, fabric-object-builders-v0@0.7.2+ca58154a7d, org_yaml_snakeyaml@1.26
[09:30:36] [main/WARN]: Mod `starlight` (fabric-1.0.0-RC2-82ae5ca) does not respect SemVer - comparison support is limited.
[09:30:37] [main/INFO]: SpongePowered MIXIN Subsystem Version=0.8.2 Source=file:/home/jacob/.minecraft/libraries/net/fabricmc/sponge-mixin/0.9.2+mixin.0.8.2/sponge-mixin-0.9.2+mixin.0.8.2.jar Service=Knot/Fabric Env=CLIENT
[09:30:38] [main/INFO]: Loaded configuration file for Sodium (38 options available, 0 user overrides)
[09:30:38] [main/INFO]: Sodium has been successfully discovered and initialized -- your game is now faster!
[09:30:38] [main/INFO]: Loaded configuration file for Lithium: 80 options available, 2 override(s) found
[09:30:39] [main/WARN]: Force-disabling mixin 'entity.data_tracker.no_locks.DataTrackerMixin' as rule 'mixin.entity.data_tracker' (added by mods [multiconnect]) disables it and children
[09:30:39] [main/WARN]: Force-disabling mixin 'entity.data_tracker.use_arrays.DataTrackerMixin' as rule 'mixin.entity.data_tracker' (added by mods [multiconnect]) disables it and children
[09:30:39] [main/WARN]: Force-disabling mixin 'world.player_chunk_tick.ThreadedAnvilChunkStorageMixin' as rule 'mixin.world.player_chunk_tick' (added by mods [krypton]) disables it and children
[09:30:40] [main/WARN]: @Mixin target net/minecraft/class_3898$class_3208 is public in fabric-networking-api-v1.mixins.json:accessor.EntityTrackerAccessor and should be specified in value
[09:30:40] [main/WARN]: @Mixin target net/minecraft/class_702$class_4090 is public in fabric-particles-v1.mixins.json:ParticleManagerAccessor$SimpleSpriteProviderAccessor and should be specified in value
[09:30:41] [main/WARN]: Trying to reflect-hack into the class-loader so we can define our own classes in an unrestricted loader...
[09:30:41] [main/WARN]: ** The JVM might warn you with something nasty! **
[09:30:41] [main/INFO]: Injecting class 'com.google.common.collect.HydrogenImmutableMapEntry' (url: jar:file:/home/jacob/.minecraft/mods/hydrogen-fabric-mc1.16.5-0.2.jar!/com/google/common/collect/HydrogenImmutableMapEntry.class)
[09:30:41] [main/INFO]: Injecting class 'com.google.common.collect.HydrogenImmutableReferenceHashMap' (url: jar:file:/home/jacob/.minecraft/mods/hydrogen-fabric-mc1.16.5-0.2.jar!/com/google/common/collect/HydrogenImmutableReferenceHashMap.class)
[09:30:41] [main/INFO]: Injecting class 'com.google.common.collect.HydrogenEntrySet' (url: jar:file:/home/jacob/.minecraft/mods/hydrogen-fabric-mc1.16.5-0.2.jar!/com/google/common/collect/HydrogenEntrySet.class)
[09:30:41] [main/INFO]: Injecting class 'com.google.common.collect.HydrogenEntrySetIterator' (url: jar:file:/home/jacob/.minecraft/mods/hydrogen-fabric-mc1.16.5-0.2.jar!/com/google/common/collect/HydrogenEntrySetIterator.class)
[09:30:42] [main/INFO]: Smooth Boot config initialized
[09:31:04] [main/INFO]: Environment: authHost='https://authserver.mojang.com', accountsHost='https://api.mojang.com', sessionHost='https://sessionserver.mojang.com', servicesHost='https://api.minecraftservices.com', name='PROD'
[09:31:05] [main/INFO]: Setting user: Kidjuan_zztop
[09:31:05] [main/INFO]: Loading Timer initialized!
[09:31:05] [main/INFO]: Minecraft took 23.804 seconds to initialize.
[09:31:05] [main/INFO]: [LambdaControls] Initializing LambdaControls...
[09:31:06] [main/INFO]: [MinecraftCapes] Initialised
[09:31:06] [main/INFO]: WorldEdit for Fabric (version 7.2.2+fc3c499) is loaded
[09:31:06] [main/INFO]: Compression will use libdeflate (Linux x86_64), encryption will use OpenSSL 1.1.x (Linux x86_64)
[09:31:08] [Via-Mappingloader-0/INFO]: Loading 1.12 -> 1.13 mappings...
[09:31:08] [Via-Mappingloader-1/INFO]: Loading 1.13 -> 1.13.2 mappings...
[09:31:09] [Via-Mappingloader-0/INFO]: Loading block connection mappings ...
[09:31:09] [Via-Mappingloader-2/INFO]: Loading 1.13.2 -> 1.14 mappings...
[09:31:09] [Via-Mappingloader-3/INFO]: Loading 1.14 -> 1.15 mappings...
[09:31:09] [Via-Mappingloader-4/INFO]: Loading 1.15 -> 1.16 mappings...
[09:31:09] [Via-Mappingloader-1/INFO]: Loading 1.16 -> 1.16.2 mappings...
[09:31:10] [ViaFabric-0/INFO]: ViaVersion detected server version: 1.16.4(754)
[09:31:10] [ViaFabric-0/WARN]: ViaVersion does not have any compatible versions for this server version!
[09:31:10] [ViaFabric-0/WARN]: Please remember that ViaVersion only adds support for versions newer than the server version.
[09:31:10] [ViaFabric-0/WARN]: If you need support for older versions you may need to use one or more ViaVersion addons too.
[09:31:10] [ViaFabric-0/WARN]: In that case please read the ViaVersion resource page carefully or use https://jo0001.github.io/ViaSetup
[09:31:10] [ViaFabric-0/WARN]: and if you're still unsure, feel free to join our Discord-Server for further assistance.
[09:31:11] [ViaFabric-0/INFO]: ViaFabric will integrate with multiconnect
[09:31:11] [ViaFabric-0/INFO]: Finished mapping loading, shutting down loader executor!
[09:31:12] [main/WARN]: WARNING! Mod roughlyenoughitems-api is only using deprecated 'modmenu:parent' custom value! This will be removed in 1.18 snapshots, so ask the author of this mod to support the new API.
[09:31:12] [main/WARN]: WARNING! Mod cloth-common-events-v1 is only using deprecated 'modmenu:parent' custom value! This will be removed in 1.18 snapshots, so ask the author of this mod to support the new API.
[09:31:12] [main/WARN]: WARNING! Mod cloth-common-events-v1 is only using deprecated 'modmenu:api' custom value! This will be removed in 1.18 snapshots, so ask the author of this mod to support the new API.
[09:31:12] [main/WARN]: WARNING! Mod cloth-durability-bar-api-v1 is only using deprecated 'modmenu:parent' custom value! This will be removed in 1.18 snapshots, so ask the author of this mod to support the new API.
[09:31:12] [main/WARN]: WARNING! Mod cloth-durability-bar-api-v1 is only using deprecated 'modmenu:api' custom value! This will be removed in 1.18 snapshots, so ask the author of this mod to support the new API.
[09:31:12] [main/WARN]: WARNING! Mod cotton-client-commands is only using deprecated 'modmenu:clientsideOnly' custom value! This is no longer needed and will be removed in 1.18 snapshots.
[09:31:12] [main/WARN]: WARNING! Mod cotton-client-commands is only using deprecated 'modmenu:api' custom value! This will be removed in 1.18 snapshots, so ask the author of this mod to support the new API.
[09:31:12] [main/WARN]: WARNING! Mod fiber is only using deprecated 'modmenu:api' custom value! This will be removed in 1.18 snapshots, so ask the author of this mod to support the new API.
[09:31:13] [main/WARN]: WARNING! Mod viaversion is only using deprecated 'modmenu:api' custom value! This will be removed in 1.18 snapshots, so ask the author of this mod to support the new API.
[09:31:13] [main/WARN]: WARNING! Mod cloth-utils-v1 is only using deprecated 'modmenu:parent' custom value! This will be removed in 1.18 snapshots, so ask the author of this mod to support the new API.
[09:31:13] [main/WARN]: WARNING! Mod cloth-utils-v1 is only using deprecated 'modmenu:api' custom value! This will be removed in 1.18 snapshots, so ask the author of this mod to support the new API.
[09:31:13] [main/WARN]: WARNING! Mod roughlyenoughitems-runtime is only using deprecated 'modmenu:parent' custom value! This will be removed in 1.18 snapshots, so ask the author of this mod to support the new API.
[09:31:13] [main/WARN]: WARNING! Mod cloth-client-events-v0 is only using deprecated 'modmenu:parent' custom value! This will be removed in 1.18 snapshots, so ask the author of this mod to support the new API.
[09:31:13] [main/WARN]: WARNING! Mod cloth-client-events-v0 is only using deprecated 'modmenu:clientsideOnly' custom value! This is no longer needed and will be removed in 1.18 snapshots.
[09:31:13] [main/WARN]: WARNING! Mod cloth-client-events-v0 is only using deprecated 'modmenu:api' custom value! This will be removed in 1.18 snapshots, so ask the author of this mod to support the new API.
[09:31:13] [main/WARN]: WARNING! Mod fabric-language-kotlin is only using deprecated 'modmenu:api' custom value! This will be removed in 1.18 snapshots, so ask the author of this mod to support the new API.
[09:31:13] [main/WARN]: WARNING! Mod cardinal-components-base is only using deprecated 'modmenu:parent' custom value! This will be removed in 1.18 snapshots, so ask the author of this mod to support the new API.
[09:31:13] [main/WARN]: WARNING! Mod cardinal-components-base is only using deprecated 'modmenu:api' custom value! This will be removed in 1.18 snapshots, so ask the author of this mod to support the new API.
[09:31:13] [main/WARN]: WARNING! Mod craftpresence is only using deprecated 'modmenu:clientsideOnly' custom value! This is no longer needed and will be removed in 1.18 snapshots.
[09:31:13] [main/WARN]: WARNING! Mod cloth-dynamic-registry-api-v1 is only using deprecated 'modmenu:parent' custom value! This will be removed in 1.18 snapshots, so ask the author of this mod to support the new API.
[09:31:13] [main/WARN]: WARNING! Mod cloth-dynamic-registry-api-v1 is only using deprecated 'modmenu:api' custom value! This will be removed in 1.18 snapshots, so ask the author of this mod to support the new API.
[09:31:13] [main/WARN]: WARNING! Mod cloth-scissors-api-v1 is only using deprecated 'modmenu:parent' custom value! This will be removed in 1.18 snapshots, so ask the author of this mod to support the new API.
[09:31:13] [main/WARN]: WARNING! Mod cloth-scissors-api-v1 is only using deprecated 'modmenu:clientsideOnly' custom value! This is no longer needed and will be removed in 1.18 snapshots.
[09:31:13] [main/WARN]: WARNING! Mod cloth-scissors-api-v1 is only using deprecated 'modmenu:api' custom value! This will be removed in 1.18 snapshots, so ask the author of this mod to support the new API.
[09:31:13] [main/WARN]: WARNING! Mod cloth-armor-api-v1 is only using deprecated 'modmenu:parent' custom value! This will be removed in 1.18 snapshots, so ask the author of this mod to support the new API.
[09:31:13] [main/WARN]: WARNING! Mod cloth-armor-api-v1 is only using deprecated 'modmenu:api' custom value! This will be removed in 1.18 snapshots, so ask the author of this mod to support the new API.
[09:31:13] [main/WARN]: WARNING! Mod roughlyenoughitems-default-plugin is only using deprecated 'modmenu:parent' custom value! This will be removed in 1.18 snapshots, so ask the author of this mod to support the new API.
[09:31:13] [main/WARN]: WARNING! Mod cloth-basic-math is only using deprecated 'modmenu:api' custom value! This will be removed in 1.18 snapshots, so ask the author of this mod to support the new API.
[09:31:13] [main/WARN]: WARNING! Mod spruceui is only using deprecated 'modmenu:api' custom value! This will be removed in 1.18 snapshots, so ask the author of this mod to support the new API.
[09:31:13] [main/WARN]: WARNING! Mod autoconfig1u is only using deprecated 'modmenu:api' custom value! This will be removed in 1.18 snapshots, so ask the author of this mod to support the new API.
[09:31:13] [main/WARN]: WARNING! Mod cardinal-components-world is only using deprecated 'modmenu:parent' custom value! This will be removed in 1.18 snapshots, so ask the author of this mod to support the new API.
[09:31:13] [main/WARN]: WARNING! Mod cardinal-components-world is only using deprecated 'modmenu:api' custom value! This will be removed in 1.18 snapshots, so ask the author of this mod to support the new API.
[09:31:13] [main/WARN]: WARNING! Mod cloth-api is only using deprecated 'modmenu:api' custom value! This will be removed in 1.18 snapshots, so ask the author of this mod to support the new API.
[09:31:13] [main/WARN]: WARNING! Mod cloth-datagen-api-v1 is only using deprecated 'modmenu:parent' custom value! This will be removed in 1.18 snapshots, so ask the author of this mod to support the new API.
[09:31:13] [main/WARN]: WARNING! Mod cloth-datagen-api-v1 is only using deprecated 'modmenu:api' custom value! This will be removed in 1.18 snapshots, so ask the author of this mod to support the new API.
[09:31:13] [main/INFO]: Config loaded.
[09:31:14] [main/INFO]: Krypton is now accelerating your Minecraft client's networking stack 🚀
[09:31:14] [main/INFO]: Note that Krypton is most effective on servers, not the client.
[09:31:14] [CraftPresence/INFO]: Received update status for craftpresence -> Release (Target version: v1.8.1)
[09:31:14] [CraftPresence/INFO]: Configuration settings have been saved and reloaded successfully!
[09:31:14] [main/INFO]: [Indigo] Different rendering plugin detected; not applying Indigo.
[09:31:14] [main/INFO]: Loading Xaero's Minimap - Stage 1/2
[09:31:14] [CraftPresence/INFO]: Checking for valid Curse manifest data...
[09:31:14] [CraftPresence/INFO]: Failed to find primary Curse manifest data, attempting to use fallback resource...
[09:31:14] [CraftPresence/ERROR]: Unable to get Curse manifest data (ignore if not using a Twitch/CursePack)
[09:31:14] [CraftPresence/INFO]: Checking for valid MultiMC instance data...
[09:31:14] [CraftPresence/ERROR]: Unable to get MultiMC instance data (ignore if not using a MultiMC Pack)
[09:31:15] [CraftPresence/INFO]: Checking for valid MCUpdater instance data...
[09:31:15] [CraftPresence/ERROR]: Unable to get MCUpdater instance data (ignore if not using a MCUpdater Pack)
[09:31:15] [CraftPresence/INFO]: Checking for valid Technic pack data...
[09:31:15] [CraftPresence/ERROR]: Unable to get Technic pack data (ignore if not using a Technic Pack)
[09:31:15] [CraftPresence/INFO]: Checking Discord for available assets with Client Id: 450485984333660181
[09:31:15] [CraftPresence/INFO]: Originally coded by paulhobbel - https://github.com/paulhobbel
[09:31:15] [CraftPresence/INFO]: 73 total assets detected!
[09:31:15] [CraftPresence/INFO]: [STDERR]: java.lang.RuntimeException: java.net.SocketException: Connection refused
[09:31:15] [CraftPresence/INFO]: [STDERR]: 	at com.gitlab.cdagaming.craftpresence.utils.discord.rpc.entities.pipe.Pipe.createPipe(Pipe.java:191)
[09:31:15] [CraftPresence/INFO]: [STDERR]: 	at com.gitlab.cdagaming.craftpresence.utils.discord.rpc.entities.pipe.Pipe.openPipe(Pipe.java:76)
[09:31:15] [CraftPresence/INFO]: [STDERR]: 	at com.gitlab.cdagaming.craftpresence.utils.discord.rpc.IPCClient.connect(IPCClient.java:320)
[09:31:15] [CraftPresence/INFO]: [STDERR]: 	at com.gitlab.cdagaming.craftpresence.utils.discord.DiscordUtils.init(DiscordUtils.java:212)
[09:31:15] [CraftPresence/INFO]: [STDERR]: 	at com.gitlab.cdagaming.craftpresence.CraftPresence.init(CraftPresence.java:206)
[09:31:15] [CraftPresence/INFO]: [STDERR]: 	at com.gitlab.cdagaming.craftpresence.CraftPresence.clientTick(CraftPresence.java:274)
[09:31:15] [CraftPresence/INFO]: [STDERR]: 	at com.gitlab.cdagaming.craftpresence.CraftPresence.access$000(CraftPresence.java:56)
[09:31:15] [CraftPresence/INFO]: [STDERR]: 	at com.gitlab.cdagaming.craftpresence.CraftPresence$1.run(CraftPresence.java:224)
[09:31:15] [CraftPresence/INFO]: [STDERR]: 	at java.base/java.util.TimerThread.mainLoop(Timer.java:556)
[09:31:15] [CraftPresence/INFO]: [STDERR]: 	at java.base/java.util.TimerThread.run(Timer.java:506)
[09:31:15] [CraftPresence/INFO]: [STDERR]: Caused by: java.net.SocketException: Connection refused
[09:31:15] [CraftPresence/INFO]: [STDERR]: 	at org.newsclub.net.unix.NativeUnixSocket.connect(Native Method)
[09:31:15] [CraftPresence/INFO]: [STDERR]: 	at org.newsclub.net.unix.AFUNIXSocketImpl.connect(AFUNIXSocketImpl.java:260)
[09:31:15] [CraftPresence/INFO]: [STDERR]: 	at org.newsclub.net.unix.AFUNIXSocket.connect(AFUNIXSocket.java:205)
[09:31:15] [CraftPresence/INFO]: [STDERR]: 	at org.newsclub.net.unix.AFUNIXSocket.connect(AFUNIXSocket.java:185)
[09:31:15] [CraftPresence/INFO]: [STDERR]: 	at com.gitlab.cdagaming.craftpresence.utils.discord.rpc.entities.pipe.UnixPipe.<init>(UnixPipe.java:52)
[09:31:15] [CraftPresence/INFO]: [STDERR]: 	at com.gitlab.cdagaming.craftpresence.utils.discord.rpc.entities.pipe.Pipe.createPipe(Pipe.java:189)
[09:31:15] [CraftPresence/INFO]: [STDERR]: 	... 9 more
[09:31:16] [main/INFO]: Backend library: LWJGL version 3.2.2 build 10
[09:31:17] [main/INFO]: Removed resource pack vanilla from incompatibility list because it's now compatible
[09:31:20] [main/INFO]: Narrator library successfully loaded
[09:31:20] [main/INFO]: Reloading ResourceManager: Default, Fabric Mods (Fabric Key Bindings (v0), MultiConnect API, Fabric Loader, Hydrogen, Loading Timer, Fabric Game Rule API (v1), Fabric API Base, Fabric BlockRenderLayer Registration (v1), Fabric API, ViaVersion, Fabric Networking (v0), Fabric API Lookup API (v1), Fabric Screen Handler API (v1), LambdaControls, Mod Menu, Sodium Extra, Fabric Tool Attribute API (v1), Edit Sign, REI (Runtime), Reese's Sodium Options, MinecraftCapes Mod, Fabric Events Interaction (v0), Fabric Crash Report Info (v1), Fabric Language Kotlin, Fabric Key Binding API (v1), Cloth Config v4, Fabric Resource Loader (v0), WorldEdit, Fabric Registry Sync (v0), Fabric Commands (v0), Fabric Mining Levels (v0), Fabric Networking API (v1), Krypton, Fabric Models (v0), Fabric Item Groups (v0), Fabric Renderer API (v1), CraftPresence, ViaFabric, Fabric Structure API (v1), Fabric Containers (v0), Lithium, Fabric Object Builder API (v1), Fabric Rendering Data Attachment (v1), Fabric Textures (v0), WorldEditCUI, MultiConnect, Fabric Rendering Fluids (v1), LazyDFU, Fabric Lifecycle Events (v1), Sodium, Fabric Renderer Registries (v1), Fabric Loot Tables (v1), Dynamic FPS, Fabric Particles (v1), Fabric Networking Block Entity (v0), Ok Zoomer, Fabric Command API (v1), Skin Swapper, Fabric Screen API (v1), Fabric Renderer - Indigo, Smooth Boot, Fabric Item API (v1), Roughly Enough Items, Fabric Entity Events (v1), Xaero's Minimap, Fabric Rendering (v0), Fabric Rendering (v1), SpruceUI, Auto Config v1 Updated, EntityCulling-Fabric, Fabric Content Registries (v0), Fabric Tag Extensions (v0), Fabric Biome API (v1), Fabric Events Lifecycle (v0), Custom Portals, Fabric Object Builders (v0))
[09:31:21] [main/INFO]: [LambdaControls] Configuration loaded.
[09:31:21] [main/INFO]: [LambdaControls] Adding okzoomer compatibility...
[09:31:21] [main/INFO]: [LambdaControls] Adding REI compatiblity...
[09:31:21] [main/INFO]: Loading Xaero's Minimap - Stage 2/2
[09:31:21] [main/INFO]: [STDOUT]: No Optifine!
[09:31:45] [main/INFO]: OpenAL initialized.
[09:31:45] [main/INFO]: Sound engine started
[09:31:47] [main/INFO]: Created: 1024x512x2 minecraft:textures/atlas/shield_patterns.png-atlas
[09:31:47] [main/INFO]: Created: 1024x1024x2 minecraft:textures/atlas/blocks.png-atlas
[09:31:47] [main/INFO]: Created: 256x128x2 minecraft:textures/atlas/signs.png-atlas
[09:31:47] [main/INFO]: Created: 256x256x2 minecraft:textures/atlas/chest.png-atlas
[09:31:47] [main/INFO]: Created: 512x256x2 minecraft:textures/atlas/beds.png-atlas
[09:31:47] [main/INFO]: Created: 1024x512x2 minecraft:textures/atlas/banner_patterns.png-atlas
[09:31:47] [main/INFO]: Created: 512x256x2 minecraft:textures/atlas/shulker_boxes.png-atlas
[09:31:47] [main/WARN]: Method overwrite conflict for getSprite in xaerominimap.mixins.json:MixinBakedQuad, previously written by me.jellysquid.mods.sodium.mixin.pipeline.MixinBakedQuad. Skipping method.
[09:31:50] [main/INFO]: Created: 256x256x0 minecraft:textures/atlas/particles.png-atlas
[09:31:50] [main/INFO]: Created: 256x256x0 minecraft:textures/atlas/paintings.png-atlas
[09:31:50] [main/INFO]: Created: 256x128x0 minecraft:textures/atlas/mob_effects.png-atlas
[09:31:50] [main/INFO]: [[[ Deduplication statistics ]]]
[09:31:50] [main/INFO]: Baked quad cache: DeduplicationCache ( 20070 de-duplicated, 55915 entries )
[09:31:50] [main/INFO]: Resource Loading Time: 30.007 seconds
[09:31:50] [main/INFO]: Minecraft took 68.84 seconds to fully load.
[09:31:50] [main/INFO]: That is 45.036 seconds worth of raw loading time
[09:40:23] [main/WARN]: Warning! Mod org_apache_httpcomponents_httpclient has a broken icon, loading default icon
[09:40:24] [main/WARN]: Warning! Mod org_apache_httpcomponents_httpcore has a broken icon, loading default icon
[09:40:24] [main/WARN]: Warning! Mod org_apache_httpcomponents_httpmime has a broken icon, loading default icon
[09:40:34] [main/WARN]: Warning! Mod starlight has a broken icon, loading default icon
[09:40:35] [main/WARN]: Warning! Mod worldeditcui has a broken icon, loading default icon
[09:43:21] [Netty Client IO #2/INFO]: Auto-detected 1.16.4(754) for c-98-221-32-87.hsd1.nj.comcast.net/98.221.32.87:25565
[09:43:21] [Netty Client IO #1/INFO]: Auto-detected 1.16.4(754) for mc.herobrine.org./51.222.93.30:25565
[09:43:21] [Netty Client IO #1/INFO]: Auto-detected 1.16.4(754) for play.cosmicmc.net/54.39.28.66:25565
[09:43:22] [Netty Client IO #2/INFO]: Auto-detected 1.16.4(754) for 10.147.20.58/10.147.20.58:25566
[09:43:23] [Netty Client IO #0/INFO]: Auto-detected 1.16.4(754) for us.mineplex.com/173.236.67.21:25565
[09:43:23] [Netty Client IO #1/INFO]: Auto-detected 1.16.4(754) for play.earthmc.net./51.161.38.224:25565
[09:43:23] [Netty Client IO #3/INFO]: Auto-detected 1.16.4(754) for xtkawxxt9g.ddns.net./51.161.87.140:25565
[09:43:23] [Netty Client IO #1/INFO]: Auto-detected 1.16.4(754) for top.jartex.fun/51.91.165.227:25565
[09:43:23] [Netty Client IO #2/INFO]: Auto-detected 1.16.4(754) for connect.openanarchy.org./198.251.89.216:25565
[09:43:23] [Netty Client IO #0/INFO]: Auto-detected 1.16.4(754) for play.datblock.com./51.161.99.65:25565
[09:43:25] [Netty Client IO #3/INFO]: Auto-detected 1.16.4(754) for mc.hypixel.net./172.65.241.114:25565
[09:43:25] [Netty Client IO #2/INFO]: mc.hypixel.net. is force-disabled. (Matches *.hypixel.net)
[09:43:25] [Netty Client IO #2/INFO]: mc.hypixel.net. is force-disabled. (Matches *.hypixel.net)
[09:43:25] [Netty Client IO #1/INFO]: Auto-detected 1.16.4(754) for play.cubecraft.net./51.222.208.165:25565
[09:43:31] [Netty Client IO #3/INFO]: Auto-detected 1.16.4(754) for join.endho.tel./161.97.120.152:25565
[09:43:32] [Netty Client IO #3/INFO]: mc.hypixel.net. is force-disabled. (Matches *.hypixel.net)
[09:43:32] [Netty Client IO #3/INFO]: mc.hypixel.net. is force-disabled. (Matches *.hypixel.net)
[09:44:01] [main/ERROR]: Can't ping 98.221.32.87:25565: Timed out
[09:50:11] [main/INFO]: Stopping!
[09:50:11] [CullThread/INFO]: [STDOUT]: Shutting down culling task!
